-------------------------------------------------------------------------------
Test set: TestSuite
-------------------------------------------------------------------------------
Tests run: 1, Failures: 1, Errors: 0, Skipped: 0, Time elapsed: 13.907 sec <<< FAILURE! - in TestSuite
verifyclientSearchByNo(com.obsqura.Testscripts.HomepageTest)  Time elapsed: 5.063 sec  <<< FAILURE!
java.lang.AssertionError: expected [No results found.] but found []
	at com.obsqura.Testscripts.HomepageTest.verifyclientSearchByNo(HomepageTest.java:506)

