<?xml version="1.0" encoding="UTF-8"?>
<!-- Generated by org.testng.reporters.JUnitXMLReporter -->
<testsuite hostname="hp" ignored="0" name="chromebrowser" tests="8" failures="0" timestamp="27 Nov 2022 18:29:33 GMT" time="78.336" errors="0">
  <testcase name="verifyworkerDeletion" time="4.594" classname="com.obsqura.Testscripts.WorkerTest"/>
  <testcase name="verifyWorkerSearchByFName" time="5.104" classname="com.obsqura.Testscripts.WorkerTest"/>
  <testcase name="verifyWorkerSearchBypost" time="5.042" classname="com.obsqura.Testscripts.WorkerTest"/>
  <testcase name="verifyWorkerSearchByNINumber" time="6.316" classname="com.obsqura.Testscripts.WorkerTest"/>
  <testcase name="verifyWorkerResetwithName" time="3.993" classname="com.obsqura.Testscripts.WorkerTest"/>
  <testcase name="verifyWorkerSearchByInvalidFName" time="5.026" classname="com.obsqura.Testscripts.WorkerTest"/>
  <testcase name="verifyWorkerSearchByInvalidNInumber" time="5.019" classname="com.obsqura.Testscripts.WorkerTest"/>
  <testcase name="verifyWorkerSearchByinvalidpostcode" time="5.018" classname="com.obsqura.Testscripts.WorkerTest"/>
</testsuite> <!-- chromebrowser -->
