<?xml version="1.0" encoding="UTF-8"?>
<!-- Generated by org.testng.reporters.JUnitXMLReporter -->
<testsuite hostname="hp" ignored="0" name="chromebrowser" tests="1" failures="1" timestamp="28 Nov 2022 12:24:19 GMT" time="11.38" errors="0">
  <testcase name="verifyCompanyLink" time="2.91" classname="com.obsqura.Testscripts.HomepageTest">
    <failure type="java.lang.NullPointerException">
      <![CDATA[java.lang.NullPointerException
at com.obsqura.Testscripts.HomepageTest.verifyCompanyLink(HomepageTest.java:268)
... Removed 25 stack frames]]>
    </failure>
  </testcase> <!-- verifyCompanyLink -->
</testsuite> <!-- chromebrowser -->
