<?xml version="1.0" encoding="UTF-8"?>
<!-- Generated by org.testng.reporters.JUnitXMLReporter -->
<testsuite hostname="hp" ignored="0" name="Test" tests="30" failures="0" timestamp="29 Nov 2022 11:54:09 GMT" time="242.707" errors="0">
  <testcase name="verifyValidLogin" time="2.424" classname="com.obsqura.Testscripts.HomepageTest"/>
  <testcase name="verifycreateDeduction" time="18.005" classname="com.obsqura.Testscripts.HomepageTest"/>
  <testcase name="verifyClientCreation" time="7.932" classname="com.obsqura.Testscripts.ClientTest"/>
  <testcase name="verifyworkerDeletion" time="4.73" classname="com.obsqura.Testscripts.WorkerTest"/>
  <testcase name="VerifyLogout" time="3.107" classname="com.obsqura.Testscripts.HomepageTest"/>
  <testcase name="verifyclientSearchByName" time="4.794" classname="com.obsqura.Testscripts.ClientTest"/>
  <testcase name="verifyWorkerSearchByFName" time="5.432" classname="com.obsqura.Testscripts.WorkerTest"/>
  <testcase name="verifyResetLink" time="0.793" classname="com.obsqura.Testscripts.HomepageTest"/>
  <testcase name="verifyclientSearchByNo" time="4.834" classname="com.obsqura.Testscripts.ClientTest"/>
  <testcase name="verifyWorkerSearchBypost" time="5.653" classname="com.obsqura.Testscripts.WorkerTest"/>
  <testcase name="verifyInvalidLogin" time="1.095" classname="com.obsqura.Testscripts.HomepageTest"/>
  <testcase name="verifyclientSearchByNameNumber" time="4.953" classname="com.obsqura.Testscripts.ClientTest"/>
  <testcase name="verifyWorkerSearchByNINumber" time="4.845" classname="com.obsqura.Testscripts.WorkerTest"/>
  <testcase name="verifyTimesheetPayslipGeneration" time="3.284" classname="com.obsqura.Testscripts.HomepageTest"/>
  <testcase name="verifyClientResetwithName" time="3.347" classname="com.obsqura.Testscripts.ClientTest"/>
  <testcase name="verifyWorkerResetwithName" time="3.317" classname="com.obsqura.Testscripts.WorkerTest"/>
  <testcase name="verifyResetCancel" time="1.457" classname="com.obsqura.Testscripts.HomepageTest"/>
  <testcase name="verifyClientResetwithNo" time="3.238" classname="com.obsqura.Testscripts.ClientTest"/>
  <testcase name="verifyWorkerSearchByInvalidFName" time="4.795" classname="com.obsqura.Testscripts.WorkerTest"/>
  <testcase name="verifyBlankUsernamePassword" time="0.921" classname="com.obsqura.Testscripts.HomepageTest"/>
  <testcase name="verifyclientSearchByinvalidNo" time="4.863" classname="com.obsqura.Testscripts.ClientTest"/>
  <testcase name="verifyWorkerSearchByInvalidNInumber" time="5.117" classname="com.obsqura.Testscripts.WorkerTest"/>
  <testcase name="verifyInvoicePage" time="3.087" classname="com.obsqura.Testscripts.HomepageTest"/>
  <testcase name="validateclientSearchByNo" time="4.836" classname="com.obsqura.Testscripts.ClientTest"/>
  <testcase name="verifyWorkerSearchByinvalidpostcode" time="4.885" classname="com.obsqura.Testscripts.WorkerTest"/>
  <testcase name="verifyInvalidEmailValidation" time="0.972" classname="com.obsqura.Testscripts.HomepageTest"/>
  <testcase name="verifyDashboardLink" time="3.023" classname="com.obsqura.Testscripts.HomepageTest"/>
  <testcase name="verifyInvoicePageLink" time="3.075" classname="com.obsqura.Testscripts.HomepageTest"/>
  <testcase name="verifyrestLogo" time="0.828" classname="com.obsqura.Testscripts.HomepageTest"/>
  <testcase name="verifyDashboardLogo" time="2.302" classname="com.obsqura.Testscripts.HomepageTest"/>
</testsuite> <!-- Test -->
